INFO: Classifier: best.onnx
INFO: YOLO-det: moonharvest-uav-det.onnx
[ WARN:0@0.506] global cap_ffmpeg.cpp:218 write FFmpeg: Failed to write frame
FHI=95.2  Healthy: 89% | Stress: 11%
[ WARN:0@0.598] global cap_ffmpeg.cpp:218 write FFmpeg: Failed to write frame
FHI=95.3  Healthy: 90% | Stress: 10%
[ WARN:0@0.699] global cap_ffmpeg.cpp:218 write FFmpeg: Failed to write frame
FHI=95.4  Healthy: 90% | Stress: 10%
[ WARN:0@0.819] global cap_ffmpeg.cpp:218 write FFmpeg: Failed to write frame
FHI=95.5  Healthy: 90% | Stress: 10%
[ WARN:0@0.947] global cap_ffmpeg.cpp:218 write FFmpeg: Failed to write frame
FHI=95.6  Healthy: 91% | Stress: 9%
[ WARN:0@1.031] global cap_ffmpeg.cpp:218 write FFmpeg: Failed to write frame
FHI=95.7  Healthy: 91% | Stress: 9%
[ WARN:0@1.138] global cap_ffmpeg.cpp:218 write FFmpeg: Failed to write frame
FHI=89.1  Stress: 59% | Healthy: 41%
[ WARN:0@1.243] global cap_ffmpeg.cpp:218 write FFmpeg: Failed to write frame
FHI=91.2  Healthy: 91% | Stress: 9%
[ WARN:0@1.335] global cap_ffmpeg.cpp:218 write FFmpeg: Failed to write frame
FHI=92.6  Healthy: 91% | Stress: 9%
[ WARN:0@1.453] global cap_ffmpeg.cpp:218 write FFmpeg: Failed to write frame
FHI=93.5  Healthy: 90% | Stress: 10%
[ WARN:0@1.578] global cap_ffmpeg.cpp:218 write FFmpeg: Failed to write frame
FHI=87.3  Stress: 60% | Healthy: 40%
[ WARN:0@1.714] global cap_ffmpeg.cpp:218 write FFmpeg: Failed to write frame
FHI=82.9  Stress: 61% | Healthy: 39%
[ WARN:0@1.860] global cap_ffmpeg.cpp:218 write FFmpeg: Failed to write frame
FHI=76.6  Stress: 85% | Healthy: 15%
[ WARN:0@1.974] global cap_ffmpeg.cpp:218 write FFmpeg: Failed to write frame
FHI=75.1  Stress: 63% | Healthy: 37%
[ WARN:0@2.121] global cap_ffmpeg.cpp:218 write FFmpeg: Failed to write frame
FHI=74.4  Stress: 59% | Healthy: 34% | Bare Soil: 7%
[ WARN:0@2.249] global cap_ffmpeg.cpp:218 write FFmpeg: Failed to write frame
FHI=73.7  Stress: 62% | Healthy: 38%
[ WARN:0@2.341] global cap_ffmpeg.cpp:218 write FFmpeg: Failed to write frame
FHI=73.3  Stress: 62% | Healthy: 38%
[ WARN:0@2.454] global cap_ffmpeg.cpp:218 write FFmpeg: Failed to write frame
FHI=73.8  Stress: 54% | Healthy: 39% | Bare Soil: 7%
[ WARN:0@2.561] global cap_ffmpeg.cpp:218 write FFmpeg: Failed to write frame
FHI=73.8  Stress: 58% | Healthy: 42%
[ WARN:0@2.673] global cap_ffmpeg.cpp:218 write FFmpeg: Failed to write frame
FHI=73.9  Stress: 58% | Healthy: 42%
[ WARN:0@2.783] global cap_ffmpeg.cpp:218 write FFmpeg: Failed to write frame
FHI=79.2  Healthy: 72% | Stress: 16% | Bare Soil: 12%
[ WARN:0@2.902] global cap_ffmpeg.cpp:218 write FFmpeg: Failed to write frame
FHI=83.3  Healthy: 84% | Stress: 16%
[ WARN:0@3.013] global cap_ffmpeg.cpp:218 write FFmpeg: Failed to write frame
FHI=85.7  Healthy: 71% | Stress: 17% | Bare Soil: 12%
[ WARN:0@3.103] global cap_ffmpeg.cpp:218 write FFmpeg: Failed to write frame
FHI=86.5  Healthy: 67% | Stress: 23% | Bare Soil: 10%
[ WARN:0@3.244] global cap_ffmpeg.cpp:218 write FFmpeg: Failed to write frame
FHI=88.6  Healthy: 79% | Stress: 13% | Bare Soil: 9%
[ WARN:0@3.345] global cap_ffmpeg.cpp:218 write FFmpeg: Failed to write frame
FHI=90.4  Healthy: 80% | Bare Soil: 11% | Stress: 9%
[ WARN:0@3.422] global cap_ffmpeg.cpp:218 write FFmpeg: Failed to write frame
FHI=91.2  Healthy: 79% | Stress: 14% | Bare Soil: 7%
[ WARN:0@3.537] global cap_ffmpeg.cpp:218 write FFmpeg: Failed to write frame
FHI=91.6  Healthy: 76% | Stress: 15% | Bare Soil: 8%
[ WARN:0@3.639] global cap_ffmpeg.cpp:218 write FFmpeg: Failed to write frame
FHI=91.1  Healthy: 72% | Stress: 20% | Bare Soil: 8%
[ WARN:0@3.737] global cap_ffmpeg.cpp:218 write FFmpeg: Failed to write frame
FHI=90.8  Healthy: 73% | Stress: 20% | Bare Soil: 7%
[ WARN:0@3.819] global cap_ffmpeg.cpp:218 write FFmpeg: Failed to write frame
FHI=89.7  Healthy: 65% | Stress: 28% | Bare Soil: 7%
[ WARN:0@3.925] global cap_ffmpeg.cpp:218 write FFmpeg: Failed to write frame
FHI=89.4  Healthy: 75% | Stress: 25%
[ WARN:0@4.033] global cap_ffmpeg.cpp:218 write FFmpeg: Failed to write frame
FHI=88.8  Healthy: 72% | Stress: 28%
[ WARN:0@4.144] global cap_ffmpeg.cpp:218 write FFmpeg: Failed to write frame
FHI=89.3  Healthy: 72% | Stress: 20% | Bare Soil: 8%
[ WARN:0@4.264] global cap_ffmpeg.cpp:218 write FFmpeg: Failed to write frame
FHI=88.9  Healthy: 67% | Stress: 25% | Bare Soil: 8%
[ WARN:0@4.353] global cap_ffmpeg.cpp:218 write FFmpeg: Failed to write frame
FHI=89.0  Healthy: 68% | Stress: 22% | Bare Soil: 10%
[ WARN:0@4.440] global cap_ffmpeg.cpp:218 write FFmpeg: Failed to write frame
FHI=89.0  Healthy: 68% | Stress: 22% | Bare Soil: 11%
[ WARN:0@4.536] global cap_ffmpeg.cpp:218 write FFmpeg: Failed to write frame
FHI=89.4  Healthy: 69% | Stress: 20% | Bare Soil: 11%
[ WARN:0@4.635] global cap_ffmpeg.cpp:218 write FFmpeg: Failed to write frame
FHI=89.9  Healthy: 70% | Stress: 16% | Bare Soil: 13%
[ WARN:0@4.733] global cap_ffmpeg.cpp:218 write FFmpeg: Failed to write frame
FHI=89.8  Healthy: 68% | Stress: 21% | Bare Soil: 12%
[ WARN:0@4.815] global cap_ffmpeg.cpp:218 write FFmpeg: Failed to write frame
FHI=90.4  Healthy: 71% | Stress: 15% | Bare Soil: 14%
[ WARN:0@4.926] global cap_ffmpeg.cpp:218 write FFmpeg: Failed to write frame
FHI=90.9  Healthy: 71% | Stress: 15% | Bare Soil: 14%
[ WARN:0@5.045] global cap_ffmpeg.cpp:218 write FFmpeg: Failed to write frame
FHI=91.1  Healthy: 71% | Stress: 15% | Bare Soil: 14%
[ WARN:0@5.137] global cap_ffmpeg.cpp:218 write FFmpeg: Failed to write frame
FHI=90.7  Healthy: 67% | Stress: 20% | Bare Soil: 14%
[ WARN:0@5.240] global cap_ffmpeg.cpp:218 write FFmpeg: Failed to write frame
FHI=90.2  Healthy: 65% | Stress: 22% | Bare Soil: 13%
[ WARN:0@5.348] global cap_ffmpeg.cpp:218 write FFmpeg: Failed to write frame
FHI=90.3  Healthy: 70% | Stress: 18% | Bare Soil: 12%
[ WARN:0@5.428] global cap_ffmpeg.cpp:218 write FFmpeg: Failed to write frame
FHI=90.4  Healthy: 70% | Stress: 19% | Bare Soil: 11%
[ WARN:0@5.497] global cap_ffmpeg.cpp:218 write FFmpeg: Failed to write frame
FHI=89.8  Healthy: 67% | Stress: 24% | Bare Soil: 9%
[ WARN:0@5.572] global cap_ffmpeg.cpp:218 write FFmpeg: Failed to write frame
FHI=89.4  Healthy: 67% | Stress: 24% | Bare Soil: 9%
[ WARN:0@5.647] global cap_ffmpeg.cpp:218 write FFmpeg: Failed to write frame
FHI=88.7  Healthy: 67% | Stress: 27% | Bare Soil: 6%
[ WARN:0@5.735] global cap_ffmpeg.cpp:218 write FFmpeg: Failed to write frame
FHI=88.4  Healthy: 69% | Stress: 26% | Bare Soil: 5%
[ WARN:0@5.812] global cap_ffmpeg.cpp:218 write FFmpeg: Failed to write frame
FHI=88.8  Healthy: 73% | Stress: 22% | Bare Soil: 5%
[ WARN:0@5.896] global cap_ffmpeg.cpp:218 write FFmpeg: Failed to write frame
FHI=89.8  Healthy: 79% | Stress: 16% | Bare Soil: 5%
[ WARN:0@5.969] global cap_ffmpeg.cpp:218 write FFmpeg: Failed to write frame
FHI=90.5  Healthy: 80% | Stress: 16% | Bare Soil: 4%
[ WARN:0@6.058] global cap_ffmpeg.cpp:218 write FFmpeg: Failed to write frame
FHI=90.9  Healthy: 79% | Stress: 18% | Bare Soil: 4%
[ WARN:0@6.155] global cap_ffmpeg.cpp:218 write FFmpeg: Failed to write frame
FHI=90.1  Healthy: 72% | Stress: 25% | Bare Soil: 3%
[ WARN:0@6.247] global cap_ffmpeg.cpp:218 write FFmpeg: Failed to write frame
FHI=88.6  Healthy: 65% | Stress: 33% | Bare Soil: 2%
[ WARN:0@6.322] global cap_ffmpeg.cpp:218 write FFmpeg: Failed to write frame
FHI=87.6  Healthy: 66% | Stress: 32% | Bare Soil: 2%
[ WARN:0@6.403] global cap_ffmpeg.cpp:218 write FFmpeg: Failed to write frame
FHI=86.9  Healthy: 68% | Stress: 32%
[ WARN:0@6.501] global cap_ffmpeg.cpp:218 write FFmpeg: Failed to write frame
FHI=86.4  Healthy: 67% | Stress: 33%
[ WARN:0@6.596] global cap_ffmpeg.cpp:218 write FFmpeg: Failed to write frame
FHI=86.3  Healthy: 69% | Stress: 31%
[ WARN:0@6.679] global cap_ffmpeg.cpp:218 write FFmpeg: Failed to write frame
FHI=87.3  Healthy: 75% | Stress: 22% | Bare Soil: 2%
[ WARN:0@6.804] global cap_ffmpeg.cpp:218 write FFmpeg: Failed to write frame
FHI=86.6  Healthy: 67% | Stress: 33%
[ WARN:0@6.959] global cap_ffmpeg.cpp:218 write FFmpeg: Failed to write frame
FHI=86.3  Healthy: 66% | Stress: 31% | Bare Soil: 3%
[ WARN:0@7.079] global cap_ffmpeg.cpp:218 write FFmpeg: Failed to write frame
FHI=85.9  Healthy: 66% | Stress: 34%
[ WARN:0@7.188] global cap_ffmpeg.cpp:218 write FFmpeg: Failed to write frame
FHI=85.5  Healthy: 66% | Stress: 34%
[ WARN:0@7.260] global cap_ffmpeg.cpp:218 write FFmpeg: Failed to write frame
FHI=85.9  Healthy: 70% | Stress: 30%
[ WARN:0@7.339] global cap_ffmpeg.cpp:218 write FFmpeg: Failed to write frame
FHI=85.7  Healthy: 65% | Stress: 31% | Bare Soil: 3%
[ WARN:0@7.428] global cap_ffmpeg.cpp:218 write FFmpeg: Failed to write frame
FHI=84.5  Healthy: 57% | Stress: 40% | Bare Soil: 3%
[ WARN:0@7.508] global cap_ffmpeg.cpp:218 write FFmpeg: Failed to write frame
FHI=84.8  Healthy: 65% | Stress: 32% | Bare Soil: 4%
[ WARN:0@7.591] global cap_ffmpeg.cpp:218 write FFmpeg: Failed to write frame
FHI=83.4  Healthy: 54% | Stress: 43% | Bare Soil: 3%
[ WARN:0@7.688] global cap_ffmpeg.cpp:218 write FFmpeg: Failed to write frame
FHI=82.4  Healthy: 53% | Stress: 44% | Bare Soil: 3%
[ WARN:0@7.768] global cap_ffmpeg.cpp:218 write FFmpeg: Failed to write frame
FHI=82.4  Healthy: 58% | Stress: 39% | Bare Soil: 3%
[ WARN:0@7.848] global cap_ffmpeg.cpp:218 write FFmpeg: Failed to write frame
FHI=82.0  Healthy: 56% | Stress: 41% | Bare Soil: 4%
[ WARN:0@7.930] global cap_ffmpeg.cpp:218 write FFmpeg: Failed to write frame
FHI=81.1  Healthy: 51% | Stress: 46% | Bare Soil: 3%
[ WARN:0@8.006] global cap_ffmpeg.cpp:218 write FFmpeg: Failed to write frame
FHI=80.2  Healthy: 49% | Stress: 47% | Bare Soil: 3%
[ WARN:0@8.088] global cap_ffmpeg.cpp:218 write FFmpeg: Failed to write frame
FHI=79.4  Stress: 50% | Healthy: 47% | Bare Soil: 3%
[ WARN:0@8.176] global cap_ffmpeg.cpp:218 write FFmpeg: Failed to write frame
FHI=81.2  Healthy: 64% | Stress: 31% | Bare Soil: 4%
[ WARN:0@8.262] global cap_ffmpeg.cpp:218 write FFmpeg: Failed to write frame
FHI=82.9  Healthy: 67% | Stress: 29% | Bare Soil: 4%
[ WARN:0@8.340] global cap_ffmpeg.cpp:218 write FFmpeg: Failed to write frame
FHI=84.1  Healthy: 68% | Stress: 28% | Bare Soil: 4%
[ WARN:0@8.422] global cap_ffmpeg.cpp:218 write FFmpeg: Failed to write frame
FHI=79.3  Stress: 69% | Healthy: 23% | Bare Soil: 8%
[ WARN:0@8.500] global cap_ffmpeg.cpp:218 write FFmpeg: Failed to write frame
FHI=75.8  Stress: 70% | Healthy: 22% | Bare Soil: 9%
[ WARN:0@8.579] global cap_ffmpeg.cpp:218 write FFmpeg: Failed to write frame
FHI=79.5  Healthy: 66% | Stress: 25% | Bare Soil: 9%
[ WARN:0@8.656] global cap_ffmpeg.cpp:218 write FFmpeg: Failed to write frame
FHI=76.6  Stress: 66% | Healthy: 26% | Bare Soil: 9%
[ WARN:0@8.734] global cap_ffmpeg.cpp:218 write FFmpeg: Failed to write frame
FHI=74.7  Stress: 64% | Healthy: 27% | Bare Soil: 9%
[ WARN:0@8.812] global cap_ffmpeg.cpp:218 write FFmpeg: Failed to write frame
FHI=79.7  Healthy: 73% | Stress: 17% | Bare Soil: 10%
[ WARN:0@8.886] global cap_ffmpeg.cpp:218 write FFmpeg: Failed to write frame
FHI=82.9  Healthy: 71% | Stress: 20% | Bare Soil: 9%
[ WARN:0@8.958] global cap_ffmpeg.cpp:218 write FFmpeg: Failed to write frame
FHI=85.4  Healthy: 73% | Stress: 17% | Bare Soil: 10%
[ WARN:0@9.028] global cap_ffmpeg.cpp:218 write FFmpeg: Failed to write frame
FHI=81.5  Stress: 60% | Healthy: 34% | Bare Soil: 6%
[ WARN:0@9.105] global cap_ffmpeg.cpp:218 write FFmpeg: Failed to write frame
FHI=83.5  Healthy: 70% | Stress: 25% | Bare Soil: 5%
[ WARN:0@9.181] global cap_ffmpeg.cpp:218 write FFmpeg: Failed to write frame
FHI=84.9  Healthy: 69% | Stress: 25% | Bare Soil: 6%
[ WARN:0@9.258] global cap_ffmpeg.cpp:218 write FFmpeg: Failed to write frame
FHI=86.4  Healthy: 72% | Stress: 21% | Bare Soil: 6%
[ WARN:0@9.343] global cap_ffmpeg.cpp:218 write FFmpeg: Failed to write frame
FHI=81.9  Stress: 62% | Healthy: 33% | Bare Soil: 5%
[ WARN:0@9.437] global cap_ffmpeg.cpp:218 write FFmpeg: Failed to write frame
FHI=83.0  Healthy: 62% | Stress: 31% | Bare Soil: 7%
[ WARN:0@9.512] global cap_ffmpeg.cpp:218 write FFmpeg: Failed to write frame
FHI=81.2  Stress: 50% | Healthy: 45% | Bare Soil: 5%
[ WARN:0@9.590] global cap_ffmpeg.cpp:218 write FFmpeg: Failed to write frame
FHI=79.1  Stress: 56% | Healthy: 38% | Bare Soil: 6%
[ WARN:0@9.670] global cap_ffmpeg.cpp:218 write FFmpeg: Failed to write frame
FHI=77.6  Stress: 57% | Healthy: 38% | Bare Soil: 6%
[ WARN:0@9.768] global cap_ffmpeg.cpp:218 write FFmpeg: Failed to write frame
FHI=73.8  Stress: 78% | Healthy: 22%
[ WARN:0@9.869] global cap_ffmpeg.cpp:218 write FFmpeg: Failed to write frame
FHI=72.3  Stress: 70% | Healthy: 30%
[ WARN:0@9.988] global cap_ffmpeg.cpp:218 write FFmpeg: Failed to write frame
FHI=69.4  Stress: 83% | Healthy: 17%
[ WARN:0@10.081] global cap_ffmpeg.cpp:218 write FFmpeg: Failed to write frame
FHI=70.2  Stress: 62% | Healthy: 38%
[ WARN:0@10.162] global cap_ffmpeg.cpp:218 write FFmpeg: Failed to write frame
FHI=68.6  Stress: 78% | Healthy: 22%
[ WARN:0@10.252] global cap_ffmpeg.cpp:218 write FFmpeg: Failed to write frame
FHI=66.2  Stress: 84% | Bare Soil: 16%
[ WARN:0@10.324] global cap_ffmpeg.cpp:218 write FFmpeg: Failed to write frame
FHI=65.5  Stress: 80% | Healthy: 20%
[ WARN:0@10.406] global cap_ffmpeg.cpp:218 write FFmpeg: Failed to write frame
FHI=66.4  Stress: 70% | Healthy: 30%
[ WARN:0@10.488] global cap_ffmpeg.cpp:218 write FFmpeg: Failed to write frame
FHI=64.9  Stress: 86% | Healthy: 14%
[ WARN:0@10.570] global cap_ffmpeg.cpp:218 write FFmpeg: Failed to write frame
FHI=66.0  Stress: 66% | Bare Soil: 18% | Healthy: 16%
[ WARN:0@10.650] global cap_ffmpeg.cpp:218 write FFmpeg: Failed to write frame
FHI=66.6  Stress: 67% | Bare Soil: 19% | Healthy: 14%
[ WARN:0@10.729] global cap_ffmpeg.cpp:218 write FFmpeg: Failed to write frame
FHI=66.7  Stress: 69% | Bare Soil: 18% | Healthy: 12%
[ WARN:0@10.810] global cap_ffmpeg.cpp:218 write FFmpeg: Failed to write frame
FHI=63.2  Stress: 100%
[ WARN:0@10.895] global cap_ffmpeg.cpp:218 write FFmpeg: Failed to write frame
FHI=62.8  Stress: 85% | Healthy: 15%
[ WARN:0@11.008] global cap_ffmpeg.cpp:218 write FFmpeg: Failed to write frame
FHI=62.6  Stress: 84% | Healthy: 16%
[ WARN:0@11.081] global cap_ffmpeg.cpp:218 write FFmpeg: Failed to write frame
FHI=63.1  Stress: 74% | Bare Soil: 26%
[ WARN:0@11.156] global cap_ffmpeg.cpp:218 write FFmpeg: Failed to write frame
FHI=62.9  Stress: 84% | Healthy: 16%
[ WARN:0@11.241] global cap_ffmpeg.cpp:218 write FFmpeg: Failed to write frame
FHI=62.6  Stress: 84% | Healthy: 16%
[ WARN:0@11.311] global cap_ffmpeg.cpp:218 write FFmpeg: Failed to write frame
FHI=66.9  Stress: 46% | Healthy: 30% | Bare Soil: 24%
[ WARN:0@11.429] global cap_ffmpeg.cpp:218 write FFmpeg: Failed to write frame
FHI=68.0  Stress: 59% | Bare Soil: 27% | Healthy: 13%
[ WARN:0@11.549] global cap_ffmpeg.cpp:218 write FFmpeg: Failed to write frame
FHI=68.6  Stress: 60% | Bare Soil: 27% | Healthy: 13%
[ WARN:0@11.623] global cap_ffmpeg.cpp:218 write FFmpeg: Failed to write frame
FHI=69.7  Stress: 55% | Bare Soil: 31% | Healthy: 14%
[ WARN:0@11.704] global cap_ffmpeg.cpp:218 write FFmpeg: Failed to write frame
FHI=71.9  Stress: 45% | Healthy: 29% | Bare Soil: 25%
[ WARN:0@11.781] global cap_ffmpeg.cpp:218 write FFmpeg: Failed to write frame
FHI=76.6  Healthy: 47% | Bare Soil: 32% | Stress: 20%
[ WARN:0@11.863] global cap_ffmpeg.cpp:218 write FFmpeg: Failed to write frame
FHI=78.9  Healthy: 45% | Stress: 30% | Bare Soil: 26%
[ WARN:0@11.936] global cap_ffmpeg.cpp:218 write FFmpeg: Failed to write frame
FHI=81.9  Healthy: 52% | Bare Soil: 31% | Stress: 18%
[ WARN:0@12.022] global cap_ffmpeg.cpp:218 write FFmpeg: Failed to write frame
FHI=83.3  Healthy: 49% | Bare Soil: 27% | Stress: 24%
[ WARN:0@12.101] global cap_ffmpeg.cpp:218 write FFmpeg: Failed to write frame
FHI=83.9  Healthy: 49% | Stress: 28% | Bare Soil: 23%
[ WARN:0@12.196] global cap_ffmpeg.cpp:218 write FFmpeg: Failed to write frame
FHI=85.8  Healthy: 57% | Bare Soil: 28% | Stress: 15%
[ WARN:0@12.279] global cap_ffmpeg.cpp:218 write FFmpeg: Failed to write frame
FHI=84.7  Healthy: 46% | Stress: 35% | Bare Soil: 19%
[ WARN:0@12.365] global cap_ffmpeg.cpp:218 write FFmpeg: Failed to write frame
FHI=83.2  Healthy: 42% | Stress: 42% | Bare Soil: 15%
[ WARN:0@12.434] global cap_ffmpeg.cpp:218 write FFmpeg: Failed to write frame
FHI=82.4  Healthy: 44% | Stress: 40% | Bare Soil: 16%
[ WARN:0@12.519] global cap_ffmpeg.cpp:218 write FFmpeg: Failed to write frame
FHI=81.8  Healthy: 44% | Stress: 40% | Bare Soil: 17%
[ WARN:0@12.593] global cap_ffmpeg.cpp:218 write FFmpeg: Failed to write frame
FHI=81.2  Healthy: 55% | Stress: 45%
[ WARN:0@12.698] global cap_ffmpeg.cpp:218 write FFmpeg: Failed to write frame
FHI=80.1  Healthy: 49% | Stress: 49% | Bare Soil: 2%
[ WARN:0@12.768] global cap_ffmpeg.cpp:218 write FFmpeg: Failed to write frame
FHI=80.5  Healthy: 46% | Stress: 37% | Bare Soil: 17%
[ WARN:0@12.837] global cap_ffmpeg.cpp:218 write FFmpeg: Failed to write frame
FHI=83.3  Healthy: 61% | Bare Soil: 21% | Stress: 18%
[ WARN:0@12.941] global cap_ffmpeg.cpp:218 write FFmpeg: Failed to write frame
FHI=83.6  Healthy: 50% | Stress: 31% | Bare Soil: 19%
[ WARN:0@13.080] global cap_ffmpeg.cpp:218 write FFmpeg: Failed to write frame
FHI=82.7  Healthy: 44% | Stress: 39% | Bare Soil: 16%
[ WARN:0@13.230] global cap_ffmpeg.cpp:218 write FFmpeg: Failed to write frame
FHI=84.6  Healthy: 59% | Bare Soil: 21% | Stress: 19%
[ WARN:0@13.301] global cap_ffmpeg.cpp:218 write FFmpeg: Failed to write frame
FHI=83.2  Healthy: 43% | Stress: 42% | Bare Soil: 15%
[ WARN:0@13.375] global cap_ffmpeg.cpp:218 write FFmpeg: Failed to write frame
FHI=84.1  Healthy: 69% | Stress: 31%
[ WARN:0@13.442] global cap_ffmpeg.cpp:218 write FFmpeg: Failed to write frame
FHI=85.2  Healthy: 73% | Stress: 27%
[ WARN:0@13.510] global cap_ffmpeg.cpp:218 write FFmpeg: Failed to write frame
FHI=86.2  Healthy: 60% | Stress: 21% | Bare Soil: 19%
[ WARN:0@13.575] global cap_ffmpeg.cpp:218 write FFmpeg: Failed to write frame
FHI=86.9  Healthy: 60% | Stress: 21% | Bare Soil: 19%
[ WARN:0@13.637] global cap_ffmpeg.cpp:218 write FFmpeg: Failed to write frame
FHI=87.5  Healthy: 63% | Stress: 22% | Bare Soil: 15%
[ WARN:0@13.698] global cap_ffmpeg.cpp:218 write FFmpeg: Failed to write frame
FHI=88.0  Healthy: 64% | Stress: 20% | Bare Soil: 15%
[ WARN:0@13.763] global cap_ffmpeg.cpp:218 write FFmpeg: Failed to write frame
FHI=88.4  Healthy: 64% | Stress: 20% | Bare Soil: 16%
[ WARN:0@13.863] global cap_ffmpeg.cpp:218 write FFmpeg: Failed to write frame
FHI=88.8  Healthy: 66% | Stress: 19% | Bare Soil: 15%
[ WARN:0@13.974] global cap_ffmpeg.cpp:218 write FFmpeg: Failed to write frame
FHI=89.0  Healthy: 65% | Stress: 21% | Bare Soil: 14%
[ WARN:0@14.064] global cap_ffmpeg.cpp:218 write FFmpeg: Failed to write frame
FHI=89.1  Healthy: 66% | Stress: 21% | Bare Soil: 14%
[ WARN:0@14.130] global cap_ffmpeg.cpp:218 write FFmpeg: Failed to write frame
FHI=90.1  Healthy: 71% | Bare Soil: 15% | Stress: 14%
[ WARN:0@14.209] global cap_ffmpeg.cpp:218 write FFmpeg: Failed to write frame
FHI=89.3  Healthy: 72% | Stress: 28%
[ WARN:0@14.277] global cap_ffmpeg.cpp:218 write FFmpeg: Failed to write frame
FHI=89.7  Healthy: 65% | Bare Soil: 18% | Stress: 17%
[ WARN:0@14.339] global cap_ffmpeg.cpp:218 write FFmpeg: Failed to write frame
FHI=87.2  Healthy: 58% | Stress: 42%
[ WARN:0@14.410] global cap_ffmpeg.cpp:218 write FFmpeg: Failed to write frame
FHI=87.5  Healthy: 74% | Stress: 26%
[ WARN:0@14.481] global cap_ffmpeg.cpp:218 write FFmpeg: Failed to write frame
FHI=88.2  Healthy: 65% | Stress: 19% | Bare Soil: 16%
[ WARN:0@14.548] global cap_ffmpeg.cpp:218 write FFmpeg: Failed to write frame
FHI=86.7  Healthy: 60% | Stress: 36% | Bare Soil: 4%
[ WARN:0@14.619] global cap_ffmpeg.cpp:218 write FFmpeg: Failed to write frame
FHI=86.5  Healthy: 66% | Stress: 30% | Bare Soil: 4%
[ WARN:0@14.690] global cap_ffmpeg.cpp:218 write FFmpeg: Failed to write frame
FHI=86.5  Healthy: 67% | Stress: 29% | Bare Soil: 4%
[ WARN:0@14.764] global cap_ffmpeg.cpp:218 write FFmpeg: Failed to write frame
FHI=87.0  Healthy: 71% | Stress: 25% | Bare Soil: 4%
[ WARN:0@14.836] global cap_ffmpeg.cpp:218 write FFmpeg: Failed to write frame
FHI=86.7  Healthy: 66% | Stress: 30% | Bare Soil: 4%
[ WARN:0@14.908] global cap_ffmpeg.cpp:218 write FFmpeg: Failed to write frame
FHI=89.1  Healthy: 80% | Bare Soil: 11% | Stress: 9%
[ WARN:0@14.982] global cap_ffmpeg.cpp:218 write FFmpeg: Failed to write frame
FHI=92.2  Healthy: 94% | Bare Soil: 6%
[ WARN:0@15.045] global cap_ffmpeg.cpp:218 write FFmpeg: Failed to write frame
FHI=94.5  Healthy: 96% | Bare Soil: 4%
[ WARN:0@15.111] global cap_ffmpeg.cpp:218 write FFmpeg: Failed to write frame
FHI=96.0  Healthy: 97% | Bare Soil: 3%
[ WARN:0@15.177] global cap_ffmpeg.cpp:218 write FFmpeg: Failed to write frame
FHI=96.7  Healthy: 94% | Stress: 3% | Bare Soil: 3%
[ WARN:0@15.248] global cap_ffmpeg.cpp:218 write FFmpeg: Failed to write frame
FHI=97.1  Healthy: 94% | Stress: 3% | Bare Soil: 3%
[ WARN:0@15.321] global cap_ffmpeg.cpp:218 write FFmpeg: Failed to write frame
FHI=97.5  Healthy: 96% | Stress: 4%
[ WARN:0@15.412] global cap_ffmpeg.cpp:218 write FFmpeg: Failed to write frame
FHI=94.7  Healthy: 74% | Stress: 26%
[ WARN:0@15.478] global cap_ffmpeg.cpp:218 write FFmpeg: Failed to write frame
FHI=93.9  Healthy: 82% | Stress: 18%
[ WARN:0@15.550] global cap_ffmpeg.cpp:218 write FFmpeg: Failed to write frame
FHI=92.7  Healthy: 77% | Stress: 23%
[ WARN:0@15.617] global cap_ffmpeg.cpp:218 write FFmpeg: Failed to write frame
FHI=92.2  Healthy: 80% | Stress: 20%
[ WARN:0@15.692] global cap_ffmpeg.cpp:218 write FFmpeg: Failed to write frame
FHI=90.7  Healthy: 72% | Stress: 28%
[ WARN:0@15.795] global cap_ffmpeg.cpp:218 write FFmpeg: Failed to write frame
FHI=90.3  Healthy: 76% | Stress: 24%
[ WARN:0@15.861] global cap_ffmpeg.cpp:218 write FFmpeg: Failed to write frame
FHI=90.3  Healthy: 79% | Stress: 21%
[ WARN:0@15.941] global cap_ffmpeg.cpp:218 write FFmpeg: Failed to write frame
FHI=90.8  Healthy: 82% | Stress: 18%
[ WARN:0@16.024] global cap_ffmpeg.cpp:218 write FFmpeg: Failed to write frame
FHI=90.9  Healthy: 80% | Stress: 20%
[ WARN:0@16.138] global cap_ffmpeg.cpp:218 write FFmpeg: Failed to write frame
FHI=91.1  Healthy: 81% | Stress: 19%
[ WARN:0@16.240] global cap_ffmpeg.cpp:218 write FFmpeg: Failed to write frame
FHI=90.8  Healthy: 78% | Stress: 22%
[ WARN:0@16.347] global cap_ffmpeg.cpp:218 write FFmpeg: Failed to write frame
FHI=90.9  Healthy: 80% | Stress: 20%
[ WARN:0@16.545] global cap_ffmpeg.cpp:218 write FFmpeg: Failed to write frame
FHI=91.1  Healthy: 81% | Stress: 19%
[ WARN:0@16.716] global cap_ffmpeg.cpp:218 write FFmpeg: Failed to write frame
FHI=90.7  Healthy: 77% | Stress: 23%
[ WARN:0@16.795] global cap_ffmpeg.cpp:218 write FFmpeg: Failed to write frame
FHI=91.3  Healthy: 84% | Stress: 16%
[ WARN:0@16.894] global cap_ffmpeg.cpp:218 write FFmpeg: Failed to write frame
FHI=91.8  Healthy: 84% | Stress: 16%
[ WARN:0@16.988] global cap_ffmpeg.cpp:218 write FFmpeg: Failed to write frame
FHI=92.7  Healthy: 88% | Stress: 12%
[ WARN:0@17.062] global cap_ffmpeg.cpp:218 write FFmpeg: Failed to write frame
FHI=92.9  Healthy: 85% | Stress: 15%
[ WARN:0@17.153] global cap_ffmpeg.cpp:218 write FFmpeg: Failed to write frame
FHI=93.6  Healthy: 89% | Stress: 11%
[ WARN:0@17.235] global cap_ffmpeg.cpp:218 write FFmpeg: Failed to write frame
FHI=94.2  Healthy: 90% | Stress: 10%
[ WARN:0@17.302] global cap_ffmpeg.cpp:218 write FFmpeg: Failed to write frame
FHI=94.3  Healthy: 88% | Stress: 12%
[ WARN:0@17.370] global cap_ffmpeg.cpp:218 write FFmpeg: Failed to write frame
FHI=94.3  Healthy: 88% | Stress: 12%
[ WARN:0@17.439] global cap_ffmpeg.cpp:218 write FFmpeg: Failed to write frame
FHI=95.1  Healthy: 93% | Stress: 7%
[ WARN:0@17.522] global cap_ffmpeg.cpp:218 write FFmpeg: Failed to write frame
FHI=95.0  Healthy: 88% | Stress: 12%
[ WARN:0@17.603] global cap_ffmpeg.cpp:218 write FFmpeg: Failed to write frame
FHI=94.9  Healthy: 88% | Stress: 12%
[ WARN:0@17.687] global cap_ffmpeg.cpp:218 write FFmpeg: Failed to write frame
FHI=94.3  Healthy: 84% | Stress: 16%
[ WARN:0@17.763] global cap_ffmpeg.cpp:218 write FFmpeg: Failed to write frame
FHI=94.1  Healthy: 86% | Stress: 14%
[ WARN:0@17.845] global cap_ffmpeg.cpp:218 write FFmpeg: Failed to write frame
FHI=94.3  Healthy: 89% | Stress: 11%
[ WARN:0@17.930] global cap_ffmpeg.cpp:218 write FFmpeg: Failed to write frame
FHI=95.3  Healthy: 95% | Stress: 5%
[ WARN:0@18.017] global cap_ffmpeg.cpp:218 write FFmpeg: Failed to write frame
FHI=94.6  Healthy: 84% | Stress: 16%
[ WARN:0@18.089] global cap_ffmpeg.cpp:218 write FFmpeg: Failed to write frame
FHI=94.1  Healthy: 84% | Stress: 16%
[ WARN:0@18.161] global cap_ffmpeg.cpp:218 write FFmpeg: Failed to write frame
FHI=93.5  Healthy: 82% | Stress: 18%
[ WARN:0@18.262] global cap_ffmpeg.cpp:218 write FFmpeg: Failed to write frame
FHI=94.1  Healthy: 90% | Stress: 10%
[ WARN:0@18.351] global cap_ffmpeg.cpp:218 write FFmpeg: Failed to write frame
FHI=93.5  Healthy: 83% | Stress: 17%
[ WARN:0@18.437] global cap_ffmpeg.cpp:218 write FFmpeg: Failed to write frame
FHI=94.3  Healthy: 91% | Stress: 9%
[ WARN:0@18.524] global cap_ffmpeg.cpp:218 write FFmpeg: Failed to write frame
FHI=92.2  Healthy: 72% | Stress: 28%
[ WARN:0@18.632] global cap_ffmpeg.cpp:218 write FFmpeg: Failed to write frame
FHI=90.4  Healthy: 69% | Stress: 31%
[ WARN:0@18.706] global cap_ffmpeg.cpp:218 write FFmpeg: Failed to write frame
FHI=91.3  Healthy: 85% | Stress: 15%
[ WARN:0@18.794] global cap_ffmpeg.cpp:218 write FFmpeg: Failed to write frame
FHI=92.8  Healthy: 92% | Stress: 8%
[ WARN:0@18.880] global cap_ffmpeg.cpp:218 write FFmpeg: Failed to write frame
FHI=92.6  Healthy: 82% | Stress: 18%
[ WARN:0@18.967] global cap_ffmpeg.cpp:218 write FFmpeg: Failed to write frame
FHI=91.9  Healthy: 79% | Stress: 21%
[ WARN:0@19.048] global cap_ffmpeg.cpp:218 write FFmpeg: Failed to write frame
FHI=90.4  Healthy: 71% | Stress: 29%
[ WARN:0@19.144] global cap_ffmpeg.cpp:218 write FFmpeg: Failed to write frame
FHI=89.3  Healthy: 70% | Stress: 30%
[ WARN:0@19.259] global cap_ffmpeg.cpp:218 write FFmpeg: Failed to write frame
FHI=88.7  Healthy: 72% | Stress: 28%
[ WARN:0@19.369] global cap_ffmpeg.cpp:218 write FFmpeg: Failed to write frame
FHI=88.3  Healthy: 72% | Stress: 28%
[ WARN:0@19.468] global cap_ffmpeg.cpp:218 write FFmpeg: Failed to write frame
FHI=87.9  Healthy: 71% | Stress: 29%
[ WARN:0@19.574] global cap_ffmpeg.cpp:218 write FFmpeg: Failed to write frame
FHI=87.8  Healthy: 71% | Stress: 27% | Bare Soil: 2%
[ WARN:0@19.659] global cap_ffmpeg.cpp:218 write FFmpeg: Failed to write frame
FHI=88.6  Healthy: 76% | Stress: 21% | Bare Soil: 3%
[ WARN:0@19.737] global cap_ffmpeg.cpp:218 write FFmpeg: Failed to write frame
FHI=89.1  Healthy: 78% | Stress: 22%
[ WARN:0@19.832] global cap_ffmpeg.cpp:218 write FFmpeg: Failed to write frame
FHI=88.5  Healthy: 71% | Stress: 29%
[ WARN:0@19.923] global cap_ffmpeg.cpp:218 write FFmpeg: Failed to write frame
FHI=90.5  Healthy: 87% | Stress: 10% | Bare Soil: 2%
[ WARN:0@20.015] global cap_ffmpeg.cpp:218 write FFmpeg: Failed to write frame
FHI=91.8  Healthy: 88% | Stress: 12%
[ WARN:0@20.108] global cap_ffmpeg.cpp:218 write FFmpeg: Failed to write frame
FHI=89.9  Healthy: 68% | Stress: 32%
[ WARN:0@20.227] global cap_ffmpeg.cpp:218 write FFmpeg: Failed to write frame
FHI=89.0  Healthy: 71% | Stress: 29%
[ WARN:0@20.343] global cap_ffmpeg.cpp:218 write FFmpeg: Failed to write frame
FHI=89.0  Healthy: 75% | Stress: 25%
[ WARN:0@20.439] global cap_ffmpeg.cpp:218 write FFmpeg: Failed to write frame
FHI=89.9  Healthy: 79% | Stress: 17% | Bare Soil: 4%
[ WARN:0@20.529] global cap_ffmpeg.cpp:218 write FFmpeg: Failed to write frame
FHI=88.6  Healthy: 67% | Stress: 31% | Bare Soil: 2%
[ WARN:0@20.628] global cap_ffmpeg.cpp:218 write FFmpeg: Failed to write frame
FHI=87.6  Healthy: 67% | Stress: 33%
[ WARN:0@20.744] global cap_ffmpeg.cpp:218 write FFmpeg: Failed to write frame
FHI=87.5  Healthy: 69% | Stress: 28% | Bare Soil: 4%
[ WARN:0@20.846] global cap_ffmpeg.cpp:218 write FFmpeg: Failed to write frame
FHI=86.8  Healthy: 65% | Stress: 33% | Bare Soil: 2%
[ WARN:0@20.943] global cap_ffmpeg.cpp:218 write FFmpeg: Failed to write frame
FHI=88.1  Healthy: 78% | Stress: 18% | Bare Soil: 3%
[ WARN:0@21.006] global cap_ffmpeg.cpp:218 write FFmpeg: Failed to write frame
FHI=88.9  Healthy: 79% | Stress: 21%
[ WARN:0@21.077] global cap_ffmpeg.cpp:218 write FFmpeg: Failed to write frame
FHI=87.8  Healthy: 68% | Stress: 32%
[ WARN:0@21.144] global cap_ffmpeg.cpp:218 write FFmpeg: Failed to write frame
FHI=87.2  Healthy: 68% | Stress: 32%
[ WARN:0@21.239] global cap_ffmpeg.cpp:218 write FFmpeg: Failed to write frame
FHI=88.5  Healthy: 81% | Stress: 19%
[ WARN:0@21.324] global cap_ffmpeg.cpp:218 write FFmpeg: Failed to write frame
FHI=90.2  Healthy: 87% | Stress: 13%
Stream ended.
Saved: out/stream_v7c.mp4  frames=232
