nohup: ignoring input
[h264_v4l2m2m @ 0x33408cc0] Could not find a valid device
[h264_v4l2m2m @ 0x33408cc0] can't configure encoder
[ERROR:0@0.134] global cap_ffmpeg_impl.hpp:3514 open Could not open codec h264_v4l2m2m, error: Unspecified error (-22)
[ERROR:0@0.134] global cap_ffmpeg_impl.hpp:3531 open VIDEOIO/FFMPEG: Failed to initialize VideoWriter
[INIT] writer 1920x1080 -> out/stream_v7c_final.avi
INFO: Classifier: best.onnx
INFO: YOLO-det: moonharvest-uav-det.onnx
[ WARN:0@0.345] global cap_ffmpeg.cpp:218 write FFmpeg: Failed to write frame
FHI=95.2  Healthy: 89% | Stress: 11%
[ WARN:0@0.418] global cap_ffmpeg.cpp:218 write FFmpeg: Failed to write frame
FHI=95.3  Healthy: 90% | Stress: 10%
[ WARN:0@0.484] global cap_ffmpeg.cpp:218 write FFmpeg: Failed to write frame
FHI=95.4  Healthy: 90% | Stress: 10%
[ WARN:0@0.551] global cap_ffmpeg.cpp:218 write FFmpeg: Failed to write frame
FHI=95.5  Healthy: 90% | Stress: 10%
[ WARN:0@0.622] global cap_ffmpeg.cpp:218 write FFmpeg: Failed to write frame
FHI=95.6  Healthy: 91% | Stress: 9%
[ WARN:0@0.685] global cap_ffmpeg.cpp:218 write FFmpeg: Failed to write frame
FHI=95.7  Healthy: 91% | Stress: 9%
[ WARN:0@0.755] global cap_ffmpeg.cpp:218 write FFmpeg: Failed to write frame
FHI=89.1  Stress: 59% | Healthy: 41%
[ WARN:0@0.833] global cap_ffmpeg.cpp:218 write FFmpeg: Failed to write frame
FHI=91.2  Healthy: 91% | Stress: 9%
[ WARN:0@0.933] global cap_ffmpeg.cpp:218 write FFmpeg: Failed to write frame
FHI=92.6  Healthy: 91% | Stress: 9%
[ WARN:0@1.017] global cap_ffmpeg.cpp:218 write FFmpeg: Failed to write frame
FHI=93.5  Healthy: 90% | Stress: 10%
[ WARN:0@1.121] global cap_ffmpeg.cpp:218 write FFmpeg: Failed to write frame
FHI=87.3  Stress: 60% | Healthy: 40%
[ WARN:0@1.206] global cap_ffmpeg.cpp:218 write FFmpeg: Failed to write frame
FHI=82.9  Stress: 61% | Healthy: 39%
[ WARN:0@1.292] global cap_ffmpeg.cpp:218 write FFmpeg: Failed to write frame
FHI=76.6  Stress: 85% | Healthy: 15%
[ WARN:0@1.367] global cap_ffmpeg.cpp:218 write FFmpeg: Failed to write frame
FHI=75.1  Stress: 63% | Healthy: 37%
[ WARN:0@1.465] global cap_ffmpeg.cpp:218 write FFmpeg: Failed to write frame
FHI=74.4  Stress: 59% | Healthy: 34% | Bare Soil: 7%
[ WARN:0@1.543] global cap_ffmpeg.cpp:218 write FFmpeg: Failed to write frame
FHI=73.7  Stress: 62% | Healthy: 38%
[ WARN:0@1.620] global cap_ffmpeg.cpp:218 write FFmpeg: Failed to write frame
FHI=73.3  Stress: 62% | Healthy: 38%
[ WARN:0@1.696] global cap_ffmpeg.cpp:218 write FFmpeg: Failed to write frame
FHI=73.8  Stress: 54% | Healthy: 39% | Bare Soil: 7%
[ WARN:0@1.783] global cap_ffmpeg.cpp:218 write FFmpeg: Failed to write frame
FHI=73.8  Stress: 58% | Healthy: 42%
[ WARN:0@1.865] global cap_ffmpeg.cpp:218 write FFmpeg: Failed to write frame
FHI=73.9  Stress: 58% | Healthy: 42%
[ WARN:0@1.946] global cap_ffmpeg.cpp:218 write FFmpeg: Failed to write frame
FHI=79.2  Healthy: 72% | Stress: 16% | Bare Soil: 12%
[ WARN:0@2.030] global cap_ffmpeg.cpp:218 write FFmpeg: Failed to write frame
FHI=83.3  Healthy: 84% | Stress: 16%
[ WARN:0@2.123] global cap_ffmpeg.cpp:218 write FFmpeg: Failed to write frame
FHI=85.7  Healthy: 71% | Stress: 17% | Bare Soil: 12%
[ WARN:0@2.226] global cap_ffmpeg.cpp:218 write FFmpeg: Failed to write frame
FHI=86.5  Healthy: 67% | Stress: 23% | Bare Soil: 10%
[ WARN:0@2.316] global cap_ffmpeg.cpp:218 write FFmpeg: Failed to write frame
FHI=88.6  Healthy: 79% | Stress: 13% | Bare Soil: 9%
[ WARN:0@2.406] global cap_ffmpeg.cpp:218 write FFmpeg: Failed to write frame
FHI=90.4  Healthy: 80% | Bare Soil: 11% | Stress: 9%
[ WARN:0@2.483] global cap_ffmpeg.cpp:218 write FFmpeg: Failed to write frame
FHI=91.2  Healthy: 79% | Stress: 14% | Bare Soil: 7%
[ WARN:0@2.561] global cap_ffmpeg.cpp:218 write FFmpeg: Failed to write frame
FHI=91.6  Healthy: 76% | Stress: 15% | Bare Soil: 8%
[ WARN:0@2.665] global cap_ffmpeg.cpp:218 write FFmpeg: Failed to write frame
FHI=91.1  Healthy: 72% | Stress: 20% | Bare Soil: 8%
[ WARN:0@2.748] global cap_ffmpeg.cpp:218 write FFmpeg: Failed to write frame
FHI=90.8  Healthy: 73% | Stress: 20% | Bare Soil: 7%
[ WARN:0@2.823] global cap_ffmpeg.cpp:218 write FFmpeg: Failed to write frame
FHI=89.7  Healthy: 65% | Stress: 28% | Bare Soil: 7%
[ WARN:0@2.908] global cap_ffmpeg.cpp:218 write FFmpeg: Failed to write frame
FHI=89.4  Healthy: 75% | Stress: 25%
[ WARN:0@3.000] global cap_ffmpeg.cpp:218 write FFmpeg: Failed to write frame
FHI=88.8  Healthy: 72% | Stress: 28%
[ WARN:0@3.104] global cap_ffmpeg.cpp:218 write FFmpeg: Failed to write frame
FHI=89.3  Healthy: 72% | Stress: 20% | Bare Soil: 8%
[ WARN:0@3.215] global cap_ffmpeg.cpp:218 write FFmpeg: Failed to write frame
FHI=88.9  Healthy: 67% | Stress: 25% | Bare Soil: 8%
[ WARN:0@3.332] global cap_ffmpeg.cpp:218 write FFmpeg: Failed to write frame
FHI=89.0  Healthy: 68% | Stress: 22% | Bare Soil: 10%
[ WARN:0@3.434] global cap_ffmpeg.cpp:218 write FFmpeg: Failed to write frame
FHI=89.0  Healthy: 68% | Stress: 22% | Bare Soil: 11%
[ WARN:0@3.532] global cap_ffmpeg.cpp:218 write FFmpeg: Failed to write frame
FHI=89.4  Healthy: 69% | Stress: 20% | Bare Soil: 11%
[ WARN:0@3.625] global cap_ffmpeg.cpp:218 write FFmpeg: Failed to write frame
FHI=89.9  Healthy: 70% | Stress: 16% | Bare Soil: 13%
[ WARN:0@3.708] global cap_ffmpeg.cpp:218 write FFmpeg: Failed to write frame
FHI=89.8  Healthy: 68% | Stress: 21% | Bare Soil: 12%
[ WARN:0@3.775] global cap_ffmpeg.cpp:218 write FFmpeg: Failed to write frame
FHI=90.4  Healthy: 71% | Stress: 15% | Bare Soil: 14%
[ WARN:0@3.847] global cap_ffmpeg.cpp:218 write FFmpeg: Failed to write frame
FHI=90.9  Healthy: 71% | Stress: 15% | Bare Soil: 14%
[ WARN:0@3.931] global cap_ffmpeg.cpp:218 write FFmpeg: Failed to write frame
FHI=91.1  Healthy: 71% | Stress: 15% | Bare Soil: 14%
[ WARN:0@4.007] global cap_ffmpeg.cpp:218 write FFmpeg: Failed to write frame
FHI=90.7  Healthy: 67% | Stress: 20% | Bare Soil: 14%
[ WARN:0@4.080] global cap_ffmpeg.cpp:218 write FFmpeg: Failed to write frame
FHI=90.2  Healthy: 65% | Stress: 22% | Bare Soil: 13%
[ WARN:0@4.168] global cap_ffmpeg.cpp:218 write FFmpeg: Failed to write frame
FHI=90.3  Healthy: 70% | Stress: 18% | Bare Soil: 12%
[ WARN:0@4.239] global cap_ffmpeg.cpp:218 write FFmpeg: Failed to write frame
FHI=90.4  Healthy: 70% | Stress: 19% | Bare Soil: 11%
[ WARN:0@4.316] global cap_ffmpeg.cpp:218 write FFmpeg: Failed to write frame
FHI=89.8  Healthy: 67% | Stress: 24% | Bare Soil: 9%
[ WARN:0@4.392] global cap_ffmpeg.cpp:218 write FFmpeg: Failed to write frame
FHI=89.4  Healthy: 67% | Stress: 24% | Bare Soil: 9%
[ WARN:0@4.467] global cap_ffmpeg.cpp:218 write FFmpeg: Failed to write frame
FHI=88.7  Healthy: 67% | Stress: 27% | Bare Soil: 6%
[ WARN:0@4.551] global cap_ffmpeg.cpp:218 write FFmpeg: Failed to write frame
FHI=88.4  Healthy: 69% | Stress: 26% | Bare Soil: 5%
[ WARN:0@4.635] global cap_ffmpeg.cpp:218 write FFmpeg: Failed to write frame
FHI=88.8  Healthy: 73% | Stress: 22% | Bare Soil: 5%
[ WARN:0@4.700] global cap_ffmpeg.cpp:218 write FFmpeg: Failed to write frame
FHI=89.8  Healthy: 79% | Stress: 16% | Bare Soil: 5%
[ WARN:0@4.765] global cap_ffmpeg.cpp:218 write FFmpeg: Failed to write frame
FHI=90.5  Healthy: 80% | Stress: 16% | Bare Soil: 4%
[ WARN:0@4.835] global cap_ffmpeg.cpp:218 write FFmpeg: Failed to write frame
FHI=90.9  Healthy: 79% | Stress: 18% | Bare Soil: 4%
[ WARN:0@4.914] global cap_ffmpeg.cpp:218 write FFmpeg: Failed to write frame
FHI=90.1  Healthy: 72% | Stress: 25% | Bare Soil: 3%
[ WARN:0@4.990] global cap_ffmpeg.cpp:218 write FFmpeg: Failed to write frame
FHI=88.6  Healthy: 65% | Stress: 33% | Bare Soil: 2%
[ WARN:0@5.067] global cap_ffmpeg.cpp:218 write FFmpeg: Failed to write frame
FHI=87.6  Healthy: 66% | Stress: 32% | Bare Soil: 2%
[ WARN:0@5.163] global cap_ffmpeg.cpp:218 write FFmpeg: Failed to write frame
FHI=86.9  Healthy: 68% | Stress: 32%
[ WARN:0@5.266] global cap_ffmpeg.cpp:218 write FFmpeg: Failed to write frame
FHI=86.4  Healthy: 67% | Stress: 33%
[ WARN:0@5.373] global cap_ffmpeg.cpp:218 write FFmpeg: Failed to write frame
FHI=86.3  Healthy: 69% | Stress: 31%
[ WARN:0@5.458] global cap_ffmpeg.cpp:218 write FFmpeg: Failed to write frame
FHI=87.3  Healthy: 75% | Stress: 22% | Bare Soil: 2%
[ WARN:0@5.526] global cap_ffmpeg.cpp:218 write FFmpeg: Failed to write frame
FHI=86.6  Healthy: 67% | Stress: 33%
[ WARN:0@5.615] global cap_ffmpeg.cpp:218 write FFmpeg: Failed to write frame
FHI=86.3  Healthy: 66% | Stress: 31% | Bare Soil: 3%
[ WARN:0@5.687] global cap_ffmpeg.cpp:218 write FFmpeg: Failed to write frame
FHI=85.9  Healthy: 66% | Stress: 34%
[ WARN:0@5.784] global cap_ffmpeg.cpp:218 write FFmpeg: Failed to write frame
FHI=85.5  Healthy: 66% | Stress: 34%
[ WARN:0@5.876] global cap_ffmpeg.cpp:218 write FFmpeg: Failed to write frame
FHI=85.9  Healthy: 70% | Stress: 30%
[ WARN:0@5.965] global cap_ffmpeg.cpp:218 write FFmpeg: Failed to write frame
FHI=85.7  Healthy: 65% | Stress: 31% | Bare Soil: 3%
[ WARN:0@6.064] global cap_ffmpeg.cpp:218 write FFmpeg: Failed to write frame
FHI=84.5  Healthy: 57% | Stress: 40% | Bare Soil: 3%
[ WARN:0@6.156] global cap_ffmpeg.cpp:218 write FFmpeg: Failed to write frame
FHI=84.8  Healthy: 65% | Stress: 32% | Bare Soil: 4%
[ WARN:0@6.244] global cap_ffmpeg.cpp:218 write FFmpeg: Failed to write frame
FHI=83.4  Healthy: 54% | Stress: 43% | Bare Soil: 3%
[ WARN:0@6.328] global cap_ffmpeg.cpp:218 write FFmpeg: Failed to write frame
FHI=82.4  Healthy: 53% | Stress: 44% | Bare Soil: 3%
[ WARN:0@6.413] global cap_ffmpeg.cpp:218 write FFmpeg: Failed to write frame
FHI=82.4  Healthy: 58% | Stress: 39% | Bare Soil: 3%
[ WARN:0@6.498] global cap_ffmpeg.cpp:218 write FFmpeg: Failed to write frame
FHI=82.0  Healthy: 56% | Stress: 41% | Bare Soil: 4%
[ WARN:0@6.587] global cap_ffmpeg.cpp:218 write FFmpeg: Failed to write frame
FHI=81.1  Healthy: 51% | Stress: 46% | Bare Soil: 3%
[ WARN:0@6.666] global cap_ffmpeg.cpp:218 write FFmpeg: Failed to write frame
FHI=80.2  Healthy: 49% | Stress: 47% | Bare Soil: 3%
[ WARN:0@6.742] global cap_ffmpeg.cpp:218 write FFmpeg: Failed to write frame
FHI=79.4  Stress: 50% | Healthy: 47% | Bare Soil: 3%
[ WARN:0@6.875] global cap_ffmpeg.cpp:218 write FFmpeg: Failed to write frame
FHI=81.2  Healthy: 64% | Stress: 31% | Bare Soil: 4%
[ WARN:0@6.962] global cap_ffmpeg.cpp:218 write FFmpeg: Failed to write frame
FHI=82.9  Healthy: 67% | Stress: 29% | Bare Soil: 4%
[ WARN:0@7.057] global cap_ffmpeg.cpp:218 write FFmpeg: Failed to write frame
FHI=84.1  Healthy: 68% | Stress: 28% | Bare Soil: 4%
[ WARN:0@7.146] global cap_ffmpeg.cpp:218 write FFmpeg: Failed to write frame
FHI=79.3  Stress: 69% | Healthy: 23% | Bare Soil: 8%
[ WARN:0@7.241] global cap_ffmpeg.cpp:218 write FFmpeg: Failed to write frame
FHI=75.8  Stress: 70% | Healthy: 22% | Bare Soil: 9%
[ WARN:0@7.329] global cap_ffmpeg.cpp:218 write FFmpeg: Failed to write frame
FHI=79.5  Healthy: 66% | Stress: 25% | Bare Soil: 9%
[ WARN:0@7.404] global cap_ffmpeg.cpp:218 write FFmpeg: Failed to write frame
FHI=76.6  Stress: 66% | Healthy: 26% | Bare Soil: 9%
[ WARN:0@7.484] global cap_ffmpeg.cpp:218 write FFmpeg: Failed to write frame
FHI=74.7  Stress: 64% | Healthy: 27% | Bare Soil: 9%
[ WARN:0@7.609] global cap_ffmpeg.cpp:218 write FFmpeg: Failed to write frame
FHI=79.7  Healthy: 73% | Stress: 17% | Bare Soil: 10%
[ WARN:0@7.675] global cap_ffmpeg.cpp:218 write FFmpeg: Failed to write frame
FHI=82.9  Healthy: 71% | Stress: 20% | Bare Soil: 9%
[ WARN:0@7.764] global cap_ffmpeg.cpp:218 write FFmpeg: Failed to write frame
FHI=85.4  Healthy: 73% | Stress: 17% | Bare Soil: 10%
[ WARN:0@7.854] global cap_ffmpeg.cpp:218 write FFmpeg: Failed to write frame
FHI=81.5  Stress: 60% | Healthy: 34% | Bare Soil: 6%
[ WARN:0@7.947] global cap_ffmpeg.cpp:218 write FFmpeg: Failed to write frame
FHI=83.5  Healthy: 70% | Stress: 25% | Bare Soil: 5%
[ WARN:0@8.029] global cap_ffmpeg.cpp:218 write FFmpeg: Failed to write frame
FHI=84.9  Healthy: 69% | Stress: 25% | Bare Soil: 6%
[ WARN:0@8.135] global cap_ffmpeg.cpp:218 write FFmpeg: Failed to write frame
FHI=86.4  Healthy: 72% | Stress: 21% | Bare Soil: 6%
[ WARN:0@8.231] global cap_ffmpeg.cpp:218 write FFmpeg: Failed to write frame
FHI=81.9  Stress: 62% | Healthy: 33% | Bare Soil: 5%
[ WARN:0@8.325] global cap_ffmpeg.cpp:218 write FFmpeg: Failed to write frame
FHI=83.0  Healthy: 62% | Stress: 31% | Bare Soil: 7%
[ WARN:0@8.432] global cap_ffmpeg.cpp:218 write FFmpeg: Failed to write frame
FHI=81.2  Stress: 50% | Healthy: 45% | Bare Soil: 5%
[ WARN:0@8.533] global cap_ffmpeg.cpp:218 write FFmpeg: Failed to write frame
FHI=79.1  Stress: 56% | Healthy: 38% | Bare Soil: 6%
[ WARN:0@8.612] global cap_ffmpeg.cpp:218 write FFmpeg: Failed to write frame
FHI=77.6  Stress: 57% | Healthy: 38% | Bare Soil: 6%
[ WARN:0@8.693] global cap_ffmpeg.cpp:218 write FFmpeg: Failed to write frame
FHI=73.8  Stress: 78% | Healthy: 22%
[ WARN:0@8.770] global cap_ffmpeg.cpp:218 write FFmpeg: Failed to write frame
FHI=72.3  Stress: 70% | Healthy: 30%
[ WARN:0@8.884] global cap_ffmpeg.cpp:218 write FFmpeg: Failed to write frame
FHI=69.4  Stress: 83% | Healthy: 17%
[ WARN:0@8.974] global cap_ffmpeg.cpp:218 write FFmpeg: Failed to write frame
FHI=70.2  Stress: 62% | Healthy: 38%
[ WARN:0@9.054] global cap_ffmpeg.cpp:218 write FFmpeg: Failed to write frame
FHI=68.6  Stress: 78% | Healthy: 22%
[ WARN:0@9.155] global cap_ffmpeg.cpp:218 write FFmpeg: Failed to write frame
FHI=66.2  Stress: 84% | Bare Soil: 16%
[ WARN:0@9.231] global cap_ffmpeg.cpp:218 write FFmpeg: Failed to write frame
FHI=65.5  Stress: 80% | Healthy: 20%
[ WARN:0@9.313] global cap_ffmpeg.cpp:218 write FFmpeg: Failed to write frame
FHI=66.4  Stress: 70% | Healthy: 30%
[ WARN:0@9.402] global cap_ffmpeg.cpp:218 write FFmpeg: Failed to write frame
FHI=64.9  Stress: 86% | Healthy: 14%
[ WARN:0@9.485] global cap_ffmpeg.cpp:218 write FFmpeg: Failed to write frame
FHI=66.0  Stress: 66% | Bare Soil: 18% | Healthy: 16%
[ WARN:0@9.568] global cap_ffmpeg.cpp:218 write FFmpeg: Failed to write frame
FHI=66.6  Stress: 67% | Bare Soil: 19% | Healthy: 14%
[ WARN:0@9.652] global cap_ffmpeg.cpp:218 write FFmpeg: Failed to write frame
FHI=66.7  Stress: 69% | Bare Soil: 18% | Healthy: 12%
[ WARN:0@9.743] global cap_ffmpeg.cpp:218 write FFmpeg: Failed to write frame
FHI=63.2  Stress: 100%
[ WARN:0@9.821] global cap_ffmpeg.cpp:218 write FFmpeg: Failed to write frame
FHI=62.8  Stress: 85% | Healthy: 15%
[ WARN:0@9.903] global cap_ffmpeg.cpp:218 write FFmpeg: Failed to write frame
FHI=62.6  Stress: 84% | Healthy: 16%
[ WARN:0@9.984] global cap_ffmpeg.cpp:218 write FFmpeg: Failed to write frame
FHI=63.1  Stress: 74% | Bare Soil: 26%
[ WARN:0@10.059] global cap_ffmpeg.cpp:218 write FFmpeg: Failed to write frame
FHI=62.9  Stress: 84% | Healthy: 16%
[ WARN:0@10.159] global cap_ffmpeg.cpp:218 write FFmpeg: Failed to write frame
FHI=62.6  Stress: 84% | Healthy: 16%
[ WARN:0@10.241] global cap_ffmpeg.cpp:218 write FFmpeg: Failed to write frame
FHI=66.9  Stress: 46% | Healthy: 30% | Bare Soil: 24%
[ WARN:0@10.318] global cap_ffmpeg.cpp:218 write FFmpeg: Failed to write frame
FHI=68.0  Stress: 59% | Bare Soil: 27% | Healthy: 13%
[ WARN:0@10.429] global cap_ffmpeg.cpp:218 write FFmpeg: Failed to write frame
FHI=68.6  Stress: 60% | Bare Soil: 27% | Healthy: 13%
[ WARN:0@10.502] global cap_ffmpeg.cpp:218 write FFmpeg: Failed to write frame
FHI=69.7  Stress: 55% | Bare Soil: 31% | Healthy: 14%
[ WARN:0@10.581] global cap_ffmpeg.cpp:218 write FFmpeg: Failed to write frame
FHI=71.9  Stress: 45% | Healthy: 29% | Bare Soil: 25%
[ WARN:0@10.659] global cap_ffmpeg.cpp:218 write FFmpeg: Failed to write frame
FHI=76.6  Healthy: 47% | Bare Soil: 32% | Stress: 20%
[ WARN:0@10.734] global cap_ffmpeg.cpp:218 write FFmpeg: Failed to write frame
FHI=78.9  Healthy: 45% | Stress: 30% | Bare Soil: 26%
[ WARN:0@10.820] global cap_ffmpeg.cpp:218 write FFmpeg: Failed to write frame
FHI=81.9  Healthy: 52% | Bare Soil: 31% | Stress: 18%
[ WARN:0@10.897] global cap_ffmpeg.cpp:218 write FFmpeg: Failed to write frame
FHI=83.3  Healthy: 49% | Bare Soil: 27% | Stress: 24%
[ WARN:0@11.005] global cap_ffmpeg.cpp:218 write FFmpeg: Failed to write frame
FHI=83.9  Healthy: 49% | Stress: 28% | Bare Soil: 23%
[ WARN:0@11.155] global cap_ffmpeg.cpp:218 write FFmpeg: Failed to write frame
FHI=85.8  Healthy: 57% | Bare Soil: 28% | Stress: 15%
[ WARN:0@11.303] global cap_ffmpeg.cpp:218 write FFmpeg: Failed to write frame
FHI=84.7  Healthy: 46% | Stress: 35% | Bare Soil: 19%
[ WARN:0@11.415] global cap_ffmpeg.cpp:218 write FFmpeg: Failed to write frame
FHI=83.2  Healthy: 42% | Stress: 42% | Bare Soil: 15%
[ WARN:0@11.549] global cap_ffmpeg.cpp:218 write FFmpeg: Failed to write frame
FHI=82.4  Healthy: 44% | Stress: 40% | Bare Soil: 16%
[ WARN:0@11.647] global cap_ffmpeg.cpp:218 write FFmpeg: Failed to write frame
FHI=81.8  Healthy: 44% | Stress: 40% | Bare Soil: 17%
[ WARN:0@11.740] global cap_ffmpeg.cpp:218 write FFmpeg: Failed to write frame
FHI=81.2  Healthy: 55% | Stress: 45%
[ WARN:0@11.898] global cap_ffmpeg.cpp:218 write FFmpeg: Failed to write frame
FHI=80.1  Healthy: 49% | Stress: 49% | Bare Soil: 2%
[ WARN:0@11.979] global cap_ffmpeg.cpp:218 write FFmpeg: Failed to write frame
FHI=80.5  Healthy: 46% | Stress: 37% | Bare Soil: 17%
[ WARN:0@12.058] global cap_ffmpeg.cpp:218 write FFmpeg: Failed to write frame
FHI=83.3  Healthy: 61% | Bare Soil: 21% | Stress: 18%
[ WARN:0@12.157] global cap_ffmpeg.cpp:218 write FFmpeg: Failed to write frame
FHI=83.6  Healthy: 50% | Stress: 31% | Bare Soil: 19%
[ WARN:0@12.247] global cap_ffmpeg.cpp:218 write FFmpeg: Failed to write frame
FHI=82.7  Healthy: 44% | Stress: 39% | Bare Soil: 16%
[ WARN:0@12.321] global cap_ffmpeg.cpp:218 write FFmpeg: Failed to write frame
FHI=84.6  Healthy: 59% | Bare Soil: 21% | Stress: 19%
[ WARN:0@12.403] global cap_ffmpeg.cpp:218 write FFmpeg: Failed to write frame
FHI=83.2  Healthy: 43% | Stress: 42% | Bare Soil: 15%
[ WARN:0@12.475] global cap_ffmpeg.cpp:218 write FFmpeg: Failed to write frame
FHI=84.1  Healthy: 69% | Stress: 31%
[ WARN:0@12.578] global cap_ffmpeg.cpp:218 write FFmpeg: Failed to write frame
FHI=85.2  Healthy: 73% | Stress: 27%
[ WARN:0@12.686] global cap_ffmpeg.cpp:218 write FFmpeg: Failed to write frame
FHI=86.2  Healthy: 60% | Stress: 21% | Bare Soil: 19%
[ WARN:0@12.819] global cap_ffmpeg.cpp:218 write FFmpeg: Failed to write frame
FHI=86.9  Healthy: 60% | Stress: 21% | Bare Soil: 19%
[ WARN:0@12.924] global cap_ffmpeg.cpp:218 write FFmpeg: Failed to write frame
FHI=87.5  Healthy: 63% | Stress: 22% | Bare Soil: 15%
[ WARN:0@13.024] global cap_ffmpeg.cpp:218 write FFmpeg: Failed to write frame
FHI=88.0  Healthy: 64% | Stress: 20% | Bare Soil: 15%
[ WARN:0@13.116] global cap_ffmpeg.cpp:218 write FFmpeg: Failed to write frame
FHI=88.4  Healthy: 64% | Stress: 20% | Bare Soil: 16%
[ WARN:0@13.192] global cap_ffmpeg.cpp:218 write FFmpeg: Failed to write frame
FHI=88.8  Healthy: 66% | Stress: 19% | Bare Soil: 15%
[ WARN:0@13.259] global cap_ffmpeg.cpp:218 write FFmpeg: Failed to write frame
FHI=89.0  Healthy: 65% | Stress: 21% | Bare Soil: 14%
[ WARN:0@13.333] global cap_ffmpeg.cpp:218 write FFmpeg: Failed to write frame
FHI=89.1  Healthy: 66% | Stress: 21% | Bare Soil: 14%
[ WARN:0@13.408] global cap_ffmpeg.cpp:218 write FFmpeg: Failed to write frame
FHI=90.1  Healthy: 71% | Bare Soil: 15% | Stress: 14%
[ WARN:0@13.486] global cap_ffmpeg.cpp:218 write FFmpeg: Failed to write frame
FHI=89.3  Healthy: 72% | Stress: 28%
[ WARN:0@13.599] global cap_ffmpeg.cpp:218 write FFmpeg: Failed to write frame
FHI=89.7  Healthy: 65% | Bare Soil: 18% | Stress: 17%
[ WARN:0@13.707] global cap_ffmpeg.cpp:218 write FFmpeg: Failed to write frame
FHI=87.2  Healthy: 58% | Stress: 42%
[ WARN:0@13.806] global cap_ffmpeg.cpp:218 write FFmpeg: Failed to write frame
FHI=87.5  Healthy: 74% | Stress: 26%
[ WARN:0@13.900] global cap_ffmpeg.cpp:218 write FFmpeg: Failed to write frame
FHI=88.2  Healthy: 65% | Stress: 19% | Bare Soil: 16%
[ WARN:0@13.976] global cap_ffmpeg.cpp:218 write FFmpeg: Failed to write frame
FHI=86.7  Healthy: 60% | Stress: 36% | Bare Soil: 4%
[ WARN:0@14.052] global cap_ffmpeg.cpp:218 write FFmpeg: Failed to write frame
FHI=86.5  Healthy: 66% | Stress: 30% | Bare Soil: 4%
[ WARN:0@14.141] global cap_ffmpeg.cpp:218 write FFmpeg: Failed to write frame
FHI=86.5  Healthy: 67% | Stress: 29% | Bare Soil: 4%
[ WARN:0@14.213] global cap_ffmpeg.cpp:218 write FFmpeg: Failed to write frame
FHI=87.0  Healthy: 71% | Stress: 25% | Bare Soil: 4%
[ WARN:0@14.286] global cap_ffmpeg.cpp:218 write FFmpeg: Failed to write frame
FHI=86.7  Healthy: 66% | Stress: 30% | Bare Soil: 4%
[ WARN:0@14.367] global cap_ffmpeg.cpp:218 write FFmpeg: Failed to write frame
FHI=89.1  Healthy: 80% | Bare Soil: 11% | Stress: 9%
[ WARN:0@14.441] global cap_ffmpeg.cpp:218 write FFmpeg: Failed to write frame
FHI=92.2  Healthy: 94% | Bare Soil: 6%
[ WARN:0@14.508] global cap_ffmpeg.cpp:218 write FFmpeg: Failed to write frame
FHI=94.5  Healthy: 96% | Bare Soil: 4%
[ WARN:0@14.576] global cap_ffmpeg.cpp:218 write FFmpeg: Failed to write frame
FHI=96.0  Healthy: 97% | Bare Soil: 3%
[ WARN:0@14.675] global cap_ffmpeg.cpp:218 write FFmpeg: Failed to write frame
FHI=96.7  Healthy: 94% | Stress: 3% | Bare Soil: 3%
[ WARN:0@14.740] global cap_ffmpeg.cpp:218 write FFmpeg: Failed to write frame
FHI=97.1  Healthy: 94% | Stress: 3% | Bare Soil: 3%
[ WARN:0@14.814] global cap_ffmpeg.cpp:218 write FFmpeg: Failed to write frame
FHI=97.5  Healthy: 96% | Stress: 4%
[ WARN:0@14.894] global cap_ffmpeg.cpp:218 write FFmpeg: Failed to write frame
FHI=94.7  Healthy: 74% | Stress: 26%
[ WARN:0@14.965] global cap_ffmpeg.cpp:218 write FFmpeg: Failed to write frame
FHI=93.9  Healthy: 82% | Stress: 18%
[ WARN:0@15.056] global cap_ffmpeg.cpp:218 write FFmpeg: Failed to write frame
FHI=92.7  Healthy: 77% | Stress: 23%
[ WARN:0@15.138] global cap_ffmpeg.cpp:218 write FFmpeg: Failed to write frame
FHI=92.2  Healthy: 80% | Stress: 20%
[ WARN:0@15.217] global cap_ffmpeg.cpp:218 write FFmpeg: Failed to write frame
FHI=90.7  Healthy: 72% | Stress: 28%
[ WARN:0@15.289] global cap_ffmpeg.cpp:218 write FFmpeg: Failed to write frame
FHI=90.3  Healthy: 76% | Stress: 24%
[ WARN:0@15.356] global cap_ffmpeg.cpp:218 write FFmpeg: Failed to write frame
FHI=90.3  Healthy: 79% | Stress: 21%
[ WARN:0@15.437] global cap_ffmpeg.cpp:218 write FFmpeg: Failed to write frame
FHI=90.8  Healthy: 82% | Stress: 18%
[ WARN:0@15.513] global cap_ffmpeg.cpp:218 write FFmpeg: Failed to write frame
FHI=90.9  Healthy: 80% | Stress: 20%
[ WARN:0@15.591] global cap_ffmpeg.cpp:218 write FFmpeg: Failed to write frame
FHI=91.1  Healthy: 81% | Stress: 19%
[ WARN:0@15.666] global cap_ffmpeg.cpp:218 write FFmpeg: Failed to write frame
FHI=90.8  Healthy: 78% | Stress: 22%
[ WARN:0@15.740] global cap_ffmpeg.cpp:218 write FFmpeg: Failed to write frame
FHI=90.9  Healthy: 80% | Stress: 20%
[ WARN:0@15.808] global cap_ffmpeg.cpp:218 write FFmpeg: Failed to write frame
FHI=91.1  Healthy: 81% | Stress: 19%
[ WARN:0@15.888] global cap_ffmpeg.cpp:218 write FFmpeg: Failed to write frame
FHI=90.7  Healthy: 77% | Stress: 23%
[ WARN:0@15.960] global cap_ffmpeg.cpp:218 write FFmpeg: Failed to write frame
FHI=91.3  Healthy: 84% | Stress: 16%
[ WARN:0@16.033] global cap_ffmpeg.cpp:218 write FFmpeg: Failed to write frame
FHI=91.8  Healthy: 84% | Stress: 16%
[ WARN:0@16.106] global cap_ffmpeg.cpp:218 write FFmpeg: Failed to write frame
FHI=92.7  Healthy: 88% | Stress: 12%
[ WARN:0@16.174] global cap_ffmpeg.cpp:218 write FFmpeg: Failed to write frame
FHI=92.9  Healthy: 85% | Stress: 15%
[ WARN:0@16.238] global cap_ffmpeg.cpp:218 write FFmpeg: Failed to write frame
FHI=93.6  Healthy: 89% | Stress: 11%
[ WARN:0@16.297] global cap_ffmpeg.cpp:218 write FFmpeg: Failed to write frame
FHI=94.2  Healthy: 90% | Stress: 10%
[ WARN:0@16.356] global cap_ffmpeg.cpp:218 write FFmpeg: Failed to write frame
FHI=94.3  Healthy: 88% | Stress: 12%
[ WARN:0@16.417] global cap_ffmpeg.cpp:218 write FFmpeg: Failed to write frame
FHI=94.3  Healthy: 88% | Stress: 12%
[ WARN:0@16.477] global cap_ffmpeg.cpp:218 write FFmpeg: Failed to write frame
FHI=95.1  Healthy: 93% | Stress: 7%
[ WARN:0@16.538] global cap_ffmpeg.cpp:218 write FFmpeg: Failed to write frame
FHI=95.0  Healthy: 88% | Stress: 12%
[ WARN:0@16.597] global cap_ffmpeg.cpp:218 write FFmpeg: Failed to write frame
FHI=94.9  Healthy: 88% | Stress: 12%
[ WARN:0@16.665] global cap_ffmpeg.cpp:218 write FFmpeg: Failed to write frame
FHI=94.3  Healthy: 84% | Stress: 16%
[ WARN:0@16.728] global cap_ffmpeg.cpp:218 write FFmpeg: Failed to write frame
FHI=94.1  Healthy: 86% | Stress: 14%
[ WARN:0@16.794] global cap_ffmpeg.cpp:218 write FFmpeg: Failed to write frame
FHI=94.3  Healthy: 89% | Stress: 11%
[ WARN:0@16.866] global cap_ffmpeg.cpp:218 write FFmpeg: Failed to write frame
FHI=95.3  Healthy: 95% | Stress: 5%
[ WARN:0@16.929] global cap_ffmpeg.cpp:218 write FFmpeg: Failed to write frame
FHI=94.6  Healthy: 84% | Stress: 16%
[ WARN:0@17.000] global cap_ffmpeg.cpp:218 write FFmpeg: Failed to write frame
FHI=94.1  Healthy: 84% | Stress: 16%
[ WARN:0@17.062] global cap_ffmpeg.cpp:218 write FFmpeg: Failed to write frame
FHI=93.5  Healthy: 82% | Stress: 18%
[ WARN:0@17.142] global cap_ffmpeg.cpp:218 write FFmpeg: Failed to write frame
FHI=94.1  Healthy: 90% | Stress: 10%
[ WARN:0@17.208] global cap_ffmpeg.cpp:218 write FFmpeg: Failed to write frame
FHI=93.5  Healthy: 83% | Stress: 17%
[ WARN:0@17.295] global cap_ffmpeg.cpp:218 write FFmpeg: Failed to write frame
FHI=94.3  Healthy: 91% | Stress: 9%
[ WARN:0@17.382] global cap_ffmpeg.cpp:218 write FFmpeg: Failed to write frame
FHI=92.2  Healthy: 72% | Stress: 28%
[ WARN:0@17.477] global cap_ffmpeg.cpp:218 write FFmpeg: Failed to write frame
FHI=90.4  Healthy: 69% | Stress: 31%
[ WARN:0@17.546] global cap_ffmpeg.cpp:218 write FFmpeg: Failed to write frame
FHI=91.3  Healthy: 85% | Stress: 15%
[ WARN:0@17.615] global cap_ffmpeg.cpp:218 write FFmpeg: Failed to write frame
FHI=92.8  Healthy: 92% | Stress: 8%
[ WARN:0@17.679] global cap_ffmpeg.cpp:218 write FFmpeg: Failed to write frame
FHI=92.6  Healthy: 82% | Stress: 18%
[ WARN:0@17.747] global cap_ffmpeg.cpp:218 write FFmpeg: Failed to write frame
FHI=91.9  Healthy: 79% | Stress: 21%
[ WARN:0@17.811] global cap_ffmpeg.cpp:218 write FFmpeg: Failed to write frame
FHI=90.4  Healthy: 71% | Stress: 29%
[ WARN:0@17.887] global cap_ffmpeg.cpp:218 write FFmpeg: Failed to write frame
FHI=89.3  Healthy: 70% | Stress: 30%
[ WARN:0@17.959] global cap_ffmpeg.cpp:218 write FFmpeg: Failed to write frame
FHI=88.7  Healthy: 72% | Stress: 28%
[ WARN:0@18.030] global cap_ffmpeg.cpp:218 write FFmpeg: Failed to write frame
FHI=88.3  Healthy: 72% | Stress: 28%
[ WARN:0@18.111] global cap_ffmpeg.cpp:218 write FFmpeg: Failed to write frame
FHI=87.9  Healthy: 71% | Stress: 29%
[ WARN:0@18.181] global cap_ffmpeg.cpp:218 write FFmpeg: Failed to write frame
FHI=87.8  Healthy: 71% | Stress: 27% | Bare Soil: 2%
[ WARN:0@18.249] global cap_ffmpeg.cpp:218 write FFmpeg: Failed to write frame
FHI=88.6  Healthy: 76% | Stress: 21% | Bare Soil: 3%
[ WARN:0@18.322] global cap_ffmpeg.cpp:218 write FFmpeg: Failed to write frame
FHI=89.1  Healthy: 78% | Stress: 22%
[ WARN:0@18.396] global cap_ffmpeg.cpp:218 write FFmpeg: Failed to write frame
FHI=88.5  Healthy: 71% | Stress: 29%
[ WARN:0@18.472] global cap_ffmpeg.cpp:218 write FFmpeg: Failed to write frame
FHI=90.5  Healthy: 87% | Stress: 10% | Bare Soil: 2%
[ WARN:0@18.542] global cap_ffmpeg.cpp:218 write FFmpeg: Failed to write frame
FHI=91.8  Healthy: 88% | Stress: 12%
[ WARN:0@18.615] global cap_ffmpeg.cpp:218 write FFmpeg: Failed to write frame
FHI=89.9  Healthy: 68% | Stress: 32%
[ WARN:0@18.698] global cap_ffmpeg.cpp:218 write FFmpeg: Failed to write frame
FHI=89.0  Healthy: 71% | Stress: 29%
[ WARN:0@18.778] global cap_ffmpeg.cpp:218 write FFmpeg: Failed to write frame
FHI=89.0  Healthy: 75% | Stress: 25%
[ WARN:0@18.864] global cap_ffmpeg.cpp:218 write FFmpeg: Failed to write frame
FHI=89.9  Healthy: 79% | Stress: 17% | Bare Soil: 4%
[ WARN:0@18.945] global cap_ffmpeg.cpp:218 write FFmpeg: Failed to write frame
FHI=88.6  Healthy: 67% | Stress: 31% | Bare Soil: 2%
[ WARN:0@19.032] global cap_ffmpeg.cpp:218 write FFmpeg: Failed to write frame
FHI=87.6  Healthy: 67% | Stress: 33%
[ WARN:0@19.132] global cap_ffmpeg.cpp:218 write FFmpeg: Failed to write frame
FHI=87.5  Healthy: 69% | Stress: 28% | Bare Soil: 4%
[ WARN:0@19.196] global cap_ffmpeg.cpp:218 write FFmpeg: Failed to write frame
FHI=86.8  Healthy: 65% | Stress: 33% | Bare Soil: 2%
[ WARN:0@19.263] global cap_ffmpeg.cpp:218 write FFmpeg: Failed to write frame
FHI=88.1  Healthy: 78% | Stress: 18% | Bare Soil: 3%
[ WARN:0@19.332] global cap_ffmpeg.cpp:218 write FFmpeg: Failed to write frame
FHI=88.9  Healthy: 79% | Stress: 21%
[ WARN:0@19.401] global cap_ffmpeg.cpp:218 write FFmpeg: Failed to write frame
FHI=87.8  Healthy: 68% | Stress: 32%
[ WARN:0@19.462] global cap_ffmpeg.cpp:218 write FFmpeg: Failed to write frame
FHI=87.2  Healthy: 68% | Stress: 32%
[ WARN:0@19.542] global cap_ffmpeg.cpp:218 write FFmpeg: Failed to write frame
FHI=88.5  Healthy: 81% | Stress: 19%
[ WARN:0@19.634] global cap_ffmpeg.cpp:218 write FFmpeg: Failed to write frame
FHI=90.2  Healthy: 87% | Stress: 13%
Stream ended.

Saved: out/stream_v7c_final.avi  video_frames=233  det_frames=232
FHI avg=85.6  min=62.6  max=97.5
